ARM GAS  /tmp/ccGRiNSe.s 			page 1


   1              		.cpu cortex-m3
   2              		.eabi_attribute 20, 1
   3              		.eabi_attribute 21, 1
   4              		.eabi_attribute 23, 3
   5              		.eabi_attribute 24, 1
   6              		.eabi_attribute 25, 1
   7              		.eabi_attribute 26, 1
   8              		.eabi_attribute 30, 1
   9              		.eabi_attribute 34, 1
  10              		.eabi_attribute 18, 4
  11              		.file	"crt.c"
  12              		.text
  13              		.section	.text.SystemInit,"ax",%progbits
  14              		.align	1
  15              		.weak	SystemInit
  16              		.arch armv7-m
  17              		.syntax unified
  18              		.thumb
  19              		.thumb_func
  20              		.fpu softvfp
  22              	SystemInit:
  23              		@ args = 0, pretend = 0, frame = 0
  24              		@ frame_needed = 0, uses_anonymous_args = 0
  25              		@ link register save eliminated.
  26 0000 7047     		bx	lr
  28              		.section	.text.ResetHandler,"ax",%progbits
  29              		.align	1
  30              		.global	ResetHandler
  31              		.syntax unified
  32              		.thumb
  33              		.thumb_func
  34              		.fpu softvfp
  36              	ResetHandler:
  37              		@ args = 0, pretend = 0, frame = 0
  38              		@ frame_needed = 0, uses_anonymous_args = 0
  39 0000 08B5     		push	{r3, lr}
  40 0002 FFF7FEFF 		bl	SystemInit
  41 0006 0D4A     		ldr	r2, .L9
  42 0008 4FF0E023 		mov	r3, #-536813568
  43 000c C3F8082D 		str	r2, [r3, #3336]
  44 0010 0B4B     		ldr	r3, .L9+4
  45 0012 0C4A     		ldr	r2, .L9+8
  46 0014 03E0     		b	.L3
  47              	.L4:
  48 0016 52F8041B 		ldr	r1, [r2], #4
  49 001a 43F8041B 		str	r1, [r3], #4
  50              	.L3:
  51 001e 0A49     		ldr	r1, .L9+12
  52 0020 8B42     		cmp	r3, r1
  53 0022 F8D3     		bcc	.L4
  54 0024 094B     		ldr	r3, .L9+16
  55 0026 02E0     		b	.L5
  56              	.L6:
  57 0028 0022     		movs	r2, #0
  58 002a 43F8042B 		str	r2, [r3], #4
  59              	.L5:
  60 002e 084A     		ldr	r2, .L9+20
ARM GAS  /tmp/ccGRiNSe.s 			page 2


  61 0030 9342     		cmp	r3, r2
  62 0032 F9D3     		bcc	.L6
  63 0034 FFF7FEFF 		bl	main
  64              	.L7:
  65 0038 FEE7     		b	.L7
  66              	.L10:
  67 003a 00BF     		.align	2
  68              	.L9:
  69 003c 00000000 		.word	_stext
  70 0040 00000000 		.word	_sdata
  71 0044 00000000 		.word	_etext
  72 0048 00000000 		.word	_edata
  73 004c 00000000 		.word	_sbss
  74 0050 00000000 		.word	_ebss
  76              		.ident	"GCC: (15:10.3-2021.07-4) 10.3.1 20210621 (release)"
ARM GAS  /tmp/ccGRiNSe.s 			page 3


DEFINED SYMBOLS
                            *ABS*:0000000000000000 crt.c
     /tmp/ccGRiNSe.s:14     .text.SystemInit:0000000000000000 $t
     /tmp/ccGRiNSe.s:22     .text.SystemInit:0000000000000000 SystemInit
     /tmp/ccGRiNSe.s:29     .text.ResetHandler:0000000000000000 $t
     /tmp/ccGRiNSe.s:36     .text.ResetHandler:0000000000000000 ResetHandler
     /tmp/ccGRiNSe.s:69     .text.ResetHandler:000000000000003c $d

UNDEFINED SYMBOLS
main
_stext
_sdata
_etext
_edata
_sbss
_ebss
