ARM GAS  /tmp/ccaf6voc.s 			page 1


   1              		.cpu cortex-m3
   2              		.eabi_attribute 20, 1
   3              		.eabi_attribute 21, 1
   4              		.eabi_attribute 23, 3
   5              		.eabi_attribute 24, 1
   6              		.eabi_attribute 25, 1
   7              		.eabi_attribute 26, 1
   8              		.eabi_attribute 30, 1
   9              		.eabi_attribute 34, 1
  10              		.eabi_attribute 18, 4
  11              		.file	"delay.c"
  12              		.text
  13              		.section	.text.delay_init,"ax",%progbits
  14              		.align	1
  15              		.global	delay_init
  16              		.arch armv7-m
  17              		.syntax unified
  18              		.thumb
  19              		.thumb_func
  20              		.fpu softvfp
  22              	delay_init:
  23              		@ args = 0, pretend = 0, frame = 0
  24              		@ frame_needed = 0, uses_anonymous_args = 0
  25              		@ link register save eliminated.
  26 0000 094B     		ldr	r3, .L2
  27 0002 1B68     		ldr	r3, [r3]
  28 0004 094A     		ldr	r2, .L2+4
  29 0006 A2FB0323 		umull	r2, r3, r2, r3
  30 000a 9B09     		lsrs	r3, r3, #6
  31 000c 013B     		subs	r3, r3, #1
  32 000e 4FF0E022 		mov	r2, #-536813568
  33 0012 5361     		str	r3, [r2, #20]
  34 0014 064B     		ldr	r3, .L2+8
  35 0016 F021     		movs	r1, #240
  36 0018 83F82310 		strb	r1, [r3, #35]
  37 001c 0023     		movs	r3, #0
  38 001e 9361     		str	r3, [r2, #24]
  39 0020 0723     		movs	r3, #7
  40 0022 1361     		str	r3, [r2, #16]
  41              		.syntax unified
  42              	@ 1204 "core/cmsis/core_support/core_cm3.h" 1
  43 0024 62B6     		cpsie i
  44              	@ 0 "" 2
  45              		.thumb
  46              		.syntax unified
  47 0026 7047     		bx	lr
  48              	.L3:
  49              		.align	2
  50              	.L2:
  51 0028 00000000 		.word	SystemCoreClock
  52 002c D34D6210 		.word	274877907
  53 0030 00ED00E0 		.word	-536810240
  55              		.section	.text.delay_ms,"ax",%progbits
  56              		.align	1
  57              		.global	delay_ms
  58              		.syntax unified
  59              		.thumb
ARM GAS  /tmp/ccaf6voc.s 			page 2


  60              		.thumb_func
  61              		.fpu softvfp
  63              	delay_ms:
  64              		@ args = 0, pretend = 0, frame = 8
  65              		@ frame_needed = 0, uses_anonymous_args = 0
  66              		@ link register save eliminated.
  67 0000 82B0     		sub	sp, sp, #8
  68 0002 0190     		str	r0, [sp, #4]
  69 0004 0A4B     		ldr	r3, .L7
  70 0006 0022     		movs	r2, #0
  71 0008 1A60     		str	r2, [r3]
  72 000a 4FF0E022 		mov	r2, #-536813568
  73 000e 1369     		ldr	r3, [r2, #16]
  74 0010 43F00103 		orr	r3, r3, #1
  75 0014 1361     		str	r3, [r2, #16]
  76              	.L5:
  77 0016 064B     		ldr	r3, .L7
  78 0018 1A68     		ldr	r2, [r3]
  79 001a 019B     		ldr	r3, [sp, #4]
  80 001c 9A42     		cmp	r2, r3
  81 001e FAD3     		bcc	.L5
  82 0020 4FF0E022 		mov	r2, #-536813568
  83 0024 1369     		ldr	r3, [r2, #16]
  84 0026 23F00103 		bic	r3, r3, #1
  85 002a 1361     		str	r3, [r2, #16]
  86 002c 02B0     		add	sp, sp, #8
  87              		@ sp needed
  88 002e 7047     		bx	lr
  89              	.L8:
  90              		.align	2
  91              	.L7:
  92 0030 00000000 		.word	.LANCHOR0
  94              		.section	.text.SysTick_Handler,"ax",%progbits
  95              		.align	1
  96              		.global	SysTick_Handler
  97              		.syntax unified
  98              		.thumb
  99              		.thumb_func
 100              		.fpu softvfp
 102              	SysTick_Handler:
 103              		@ args = 0, pretend = 0, frame = 0
 104              		@ frame_needed = 0, uses_anonymous_args = 0
 105              		@ link register save eliminated.
 106 0000 024A     		ldr	r2, .L10
 107 0002 1368     		ldr	r3, [r2]
 108 0004 0133     		adds	r3, r3, #1
 109 0006 1360     		str	r3, [r2]
 110 0008 7047     		bx	lr
 111              	.L11:
 112 000a 00BF     		.align	2
 113              	.L10:
 114 000c 00000000 		.word	.LANCHOR0
 116              		.section	.bss.timekeeper,"aw",%nobits
 117              		.align	2
 118              		.set	.LANCHOR0,. + 0
 121              	timekeeper:
 122 0000 00000000 		.space	4
ARM GAS  /tmp/ccaf6voc.s 			page 3


 123              		.ident	"GCC: (15:10.3-2021.07-4) 10.3.1 20210621 (release)"
ARM GAS  /tmp/ccaf6voc.s 			page 4


DEFINED SYMBOLS
                            *ABS*:0000000000000000 delay.c
     /tmp/ccaf6voc.s:14     .text.delay_init:0000000000000000 $t
     /tmp/ccaf6voc.s:22     .text.delay_init:0000000000000000 delay_init
     /tmp/ccaf6voc.s:51     .text.delay_init:0000000000000028 $d
     /tmp/ccaf6voc.s:56     .text.delay_ms:0000000000000000 $t
     /tmp/ccaf6voc.s:63     .text.delay_ms:0000000000000000 delay_ms
     /tmp/ccaf6voc.s:92     .text.delay_ms:0000000000000030 $d
     /tmp/ccaf6voc.s:95     .text.SysTick_Handler:0000000000000000 $t
     /tmp/ccaf6voc.s:102    .text.SysTick_Handler:0000000000000000 SysTick_Handler
     /tmp/ccaf6voc.s:114    .text.SysTick_Handler:000000000000000c $d
     /tmp/ccaf6voc.s:117    .bss.timekeeper:0000000000000000 $d
     /tmp/ccaf6voc.s:121    .bss.timekeeper:0000000000000000 timekeeper

UNDEFINED SYMBOLS
SystemCoreClock
