ARM GAS  /tmp/ccnJtWP2.s 			page 1


   1              		.cpu cortex-m3
   2              		.eabi_attribute 20, 1
   3              		.eabi_attribute 21, 1
   4              		.eabi_attribute 23, 3
   5              		.eabi_attribute 24, 1
   6              		.eabi_attribute 25, 1
   7              		.eabi_attribute 26, 1
   8              		.eabi_attribute 30, 1
   9              		.eabi_attribute 34, 1
  10              		.eabi_attribute 18, 4
  11              		.file	"mini_morse.c"
  12              		.text
  13              		.section	.text.character_to_code,"ax",%progbits
  14              		.align	1
  15              		.global	character_to_code
  16              		.arch armv7-m
  17              		.syntax unified
  18              		.thumb
  19              		.thumb_func
  20              		.fpu softvfp
  22              	character_to_code:
  23              		@ args = 0, pretend = 0, frame = 0
  24              		@ frame_needed = 0, uses_anonymous_args = 0
  25              		@ link register save eliminated.
  26 0000 0246     		mov	r2, r0
  27 0002 A0F14103 		sub	r3, r0, #65
  28 0006 DBB2     		uxtb	r3, r3
  29 0008 192B     		cmp	r3, #25
  30 000a 04D8     		bhi	.L2
  31 000c A0F14102 		sub	r2, r0, #65
  32 0010 144B     		ldr	r3, .L10
  33 0012 985C     		ldrb	r0, [r3, r2]	@ zero_extendqisi2
  34 0014 7047     		bx	lr
  35              	.L2:
  36 0016 A0F16103 		sub	r3, r0, #97
  37 001a DBB2     		uxtb	r3, r3
  38 001c 192B     		cmp	r3, #25
  39 001e 04D8     		bhi	.L4
  40 0020 A0F16102 		sub	r2, r0, #97
  41 0024 0F4B     		ldr	r3, .L10
  42 0026 985C     		ldrb	r0, [r3, r2]	@ zero_extendqisi2
  43 0028 7047     		bx	lr
  44              	.L4:
  45 002a A0F13003 		sub	r3, r0, #48
  46 002e DBB2     		uxtb	r3, r3
  47 0030 092B     		cmp	r3, #9
  48 0032 12D8     		bhi	.L8
  49 0034 A0F11602 		sub	r2, r0, #22
  50 0038 0A4B     		ldr	r3, .L10
  51 003a 985C     		ldrb	r0, [r3, r2]	@ zero_extendqisi2
  52 003c 7047     		bx	lr
  53              	.L6:
  54 003e 0133     		adds	r3, r3, #1
  55 0040 DBB2     		uxtb	r3, r3
  56              	.L5:
  57 0042 102B     		cmp	r3, #16
  58 0044 0CD8     		bhi	.L9
ARM GAS  /tmp/ccnJtWP2.s 			page 2


  59 0046 0849     		ldr	r1, .L10+4
  60 0048 11F81310 		ldrb	r1, [r1, r3, lsl #1]	@ zero_extendqisi2
  61 004c 9142     		cmp	r1, r2
  62 004e F6D1     		bne	.L6
  63 0050 0549     		ldr	r1, .L10+4
  64 0052 01EB4301 		add	r1, r1, r3, lsl #1
  65 0056 4878     		ldrb	r0, [r1, #1]	@ zero_extendqisi2
  66 0058 F1E7     		b	.L6
  67              	.L8:
  68 005a 0023     		movs	r3, #0
  69 005c 1846     		mov	r0, r3
  70 005e F0E7     		b	.L5
  71              	.L9:
  72 0060 7047     		bx	lr
  73              	.L11:
  74 0062 00BF     		.align	2
  75              	.L10:
  76 0064 00000000 		.word	.LANCHOR0
  77 0068 00000000 		.word	.LANCHOR1
  79              		.section	.text.mini_morse_encode_char,"ax",%progbits
  80              		.align	1
  81              		.global	mini_morse_encode_char
  82              		.syntax unified
  83              		.thumb
  84              		.thumb_func
  85              		.fpu softvfp
  87              	mini_morse_encode_char:
  88              		@ args = 0, pretend = 0, frame = 0
  89              		@ frame_needed = 0, uses_anonymous_args = 0
  90 0000 70B5     		push	{r4, r5, r6, lr}
  91 0002 2028     		cmp	r0, #32
  92 0004 15D0     		beq	.L20
  93 0006 FFF7FEFF 		bl	character_to_code
  94 000a 0646     		mov	r6, r0
  95 000c C0F38005 		ubfx	r5, r0, #2, #1
  96 0010 00F00203 		and	r3, r0, #2
  97 0014 1D43     		orrs	r5, r5, r3
  98 0016 8300     		lsls	r3, r0, #2
  99 0018 03F00403 		and	r3, r3, #4
 100 001c 1D43     		orrs	r5, r5, r3
 101 001e 062D     		cmp	r5, #6
 102 0020 94BF     		ite	ls
 103 0022 6D42     		rsbls	r5, r5, #0
 104 0024 C5F10105 		rsbhi	r5, r5, #1
 105 0028 EDB2     		uxtb	r5, r5
 106 002a 0735     		adds	r5, r5, #7
 107 002c EDB2     		uxtb	r5, r5
 108 002e 0724     		movs	r4, #7
 109 0030 11E0     		b	.L15
 110              	.L20:
 111 0032 4FF4D270 		mov	r0, #420
 112 0036 FFF7FEFF 		bl	mini_morse_delay
 113 003a 20E0     		b	.L12
 114              	.L16:
 115 003c 0020     		movs	r0, #0
 116 003e FFF7FEFF 		bl	mini_morse_start_tx
 117 0042 3C20     		movs	r0, #60
ARM GAS  /tmp/ccnJtWP2.s 			page 3


 118 0044 FFF7FEFF 		bl	mini_morse_delay
 119 0048 0020     		movs	r0, #0
 120 004a FFF7FEFF 		bl	mini_morse_stop_tx
 121              	.L17:
 122 004e 3C20     		movs	r0, #60
 123 0050 FFF7FEFF 		bl	mini_morse_delay
 124 0054 013C     		subs	r4, r4, #1
 125              	.L15:
 126 0056 A542     		cmp	r5, r4
 127 0058 0EDA     		bge	.L21
 128 005a 46FA04F3 		asr	r3, r6, r4
 129 005e 13F0010F 		tst	r3, #1
 130 0062 EBD0     		beq	.L16
 131 0064 0120     		movs	r0, #1
 132 0066 FFF7FEFF 		bl	mini_morse_start_tx
 133 006a B420     		movs	r0, #180
 134 006c FFF7FEFF 		bl	mini_morse_delay
 135 0070 0120     		movs	r0, #1
 136 0072 FFF7FEFF 		bl	mini_morse_stop_tx
 137 0076 EAE7     		b	.L17
 138              	.L21:
 139 0078 7820     		movs	r0, #120
 140 007a FFF7FEFF 		bl	mini_morse_delay
 141              	.L12:
 142 007e 70BD     		pop	{r4, r5, r6, pc}
 144              		.section	.text.mini_morse_tx,"ax",%progbits
 145              		.align	1
 146              		.global	mini_morse_tx
 147              		.syntax unified
 148              		.thumb
 149              		.thumb_func
 150              		.fpu softvfp
 152              	mini_morse_tx:
 153              		@ args = 0, pretend = 0, frame = 0
 154              		@ frame_needed = 0, uses_anonymous_args = 0
 155 0000 70B5     		push	{r4, r5, r6, lr}
 156 0002 0646     		mov	r6, r0
 157 0004 0D46     		mov	r5, r1
 158 0006 0024     		movs	r4, #0
 159 0008 04E0     		b	.L23
 160              	.L24:
 161 000a 305D     		ldrb	r0, [r6, r4]	@ zero_extendqisi2
 162 000c FFF7FEFF 		bl	mini_morse_encode_char
 163 0010 0134     		adds	r4, r4, #1
 164 0012 A4B2     		uxth	r4, r4
 165              	.L23:
 166 0014 AC42     		cmp	r4, r5
 167 0016 F8D3     		bcc	.L24
 168 0018 70BD     		pop	{r4, r5, r6, pc}
 170              		.global	punctuation
 171              		.global	alphameric
 172              		.section	.rodata.alphameric,"a"
 173              		.align	2
 174              		.set	.LANCHOR0,. + 0
 177              	alphameric:
 178 0000 4281A186 		.ascii	"B\201\241\206\004!\306\001\002y\246A\302\202\346a\321"
 178      0421C601 
ARM GAS  /tmp/ccnJtWP2.s 			page 4


 178      0279A641 
 178      C282E661 
 178      D1
 179 0011 46068426 		.ascii	"F\006\204&\021f\221\261\301\375}=\035\015\005\205\305"
 179      116691B1 
 179      C1FD7D3D 
 179      1D0D0585 
 179      C5
 180 0022 E5F5     		.ascii	"\345\365"
 181              		.section	.rodata.punctuation,"a"
 182              		.align	2
 183              		.set	.LANCHOR1,. + 0
 186              	punctuation:
 187 0000 2C       		.byte	44
 188 0001 CF       		.byte	-49
 189 0002 2E       		.byte	46
 190 0003 57       		.byte	87
 191 0004 21       		.byte	33
 192 0005 AF       		.byte	-81
 193 0006 3A       		.byte	58
 194 0007 E3       		.byte	-29
 195 0008 3B       		.byte	59
 196 0009 AB       		.byte	-85
 197 000a 28       		.byte	40
 198 000b B5       		.byte	-75
 199 000c 29       		.byte	41
 200 000d B7       		.byte	-73
 201 000e 22       		.byte	34
 202 000f 4B       		.byte	75
 203 0010 40       		.byte	64
 204 0011 6B       		.byte	107
 205 0012 26       		.byte	38
 206 0013 45       		.byte	69
 207 0014 3F       		.byte	63
 208 0015 33       		.byte	51
 209 0016 2D       		.byte	45
 210 0017 87       		.byte	-121
 211 0018 2B       		.byte	43
 212 0019 55       		.byte	85
 213 001a 2F       		.byte	47
 214 001b 95       		.byte	-107
 215 001c 3D       		.byte	61
 216 001d 8D       		.byte	-115
 217 001e 2A       		.byte	42
 218 001f 91       		.byte	-111
 219 0020 5C       		.byte	92
 220 0021 7B       		.byte	123
 221              		.ident	"GCC: (15:10.3-2021.07-4) 10.3.1 20210621 (release)"
ARM GAS  /tmp/ccnJtWP2.s 			page 5


DEFINED SYMBOLS
                            *ABS*:0000000000000000 mini_morse.c
     /tmp/ccnJtWP2.s:14     .text.character_to_code:0000000000000000 $t
     /tmp/ccnJtWP2.s:22     .text.character_to_code:0000000000000000 character_to_code
     /tmp/ccnJtWP2.s:76     .text.character_to_code:0000000000000064 $d
     /tmp/ccnJtWP2.s:80     .text.mini_morse_encode_char:0000000000000000 $t
     /tmp/ccnJtWP2.s:87     .text.mini_morse_encode_char:0000000000000000 mini_morse_encode_char
     /tmp/ccnJtWP2.s:145    .text.mini_morse_tx:0000000000000000 $t
     /tmp/ccnJtWP2.s:152    .text.mini_morse_tx:0000000000000000 mini_morse_tx
     /tmp/ccnJtWP2.s:186    .rodata.punctuation:0000000000000000 punctuation
     /tmp/ccnJtWP2.s:177    .rodata.alphameric:0000000000000000 alphameric
     /tmp/ccnJtWP2.s:173    .rodata.alphameric:0000000000000000 $d
     /tmp/ccnJtWP2.s:182    .rodata.punctuation:0000000000000000 $d

UNDEFINED SYMBOLS
mini_morse_delay
mini_morse_start_tx
mini_morse_stop_tx
