ARM GAS  /tmp/ccS2SY5i.s 			page 1


   1              		.cpu cortex-m3
   2              		.eabi_attribute 20, 1
   3              		.eabi_attribute 21, 1
   4              		.eabi_attribute 23, 3
   5              		.eabi_attribute 24, 1
   6              		.eabi_attribute 25, 1
   7              		.eabi_attribute 26, 1
   8              		.eabi_attribute 30, 1
   9              		.eabi_attribute 34, 1
  10              		.eabi_attribute 18, 4
  11              		.file	"si446x_ctrl.c"
  12              		.text
  13              		.section	.text.si446x_ctrl_wait_cts,"ax",%progbits
  14              		.align	1
  15              		.global	si446x_ctrl_wait_cts
  16              		.arch armv7-m
  17              		.syntax unified
  18              		.thumb
  19              		.thumb_func
  20              		.fpu softvfp
  22              	si446x_ctrl_wait_cts:
  23              		@ args = 0, pretend = 0, frame = 0
  24              		@ frame_needed = 0, uses_anonymous_args = 0
  25 0000 38B5     		push	{r3, r4, r5, lr}
  26 0002 0025     		movs	r5, #0
  27              	.L2:
  28 0004 40F6C313 		movw	r3, #2499
  29 0008 9D42     		cmp	r5, r3
  30 000a 10D8     		bhi	.L7
  31 000c 0A4C     		ldr	r4, .L8
  32 000e 6369     		ldr	r3, [r4, #20]
  33 0010 43F48053 		orr	r3, r3, #4096
  34 0014 6361     		str	r3, [r4, #20]
  35 0016 4420     		movs	r0, #68
  36 0018 FFF7FEFF 		bl	si446x_hal_spi_read_byte
  37 001c 2369     		ldr	r3, [r4, #16]
  38 001e 43F48053 		orr	r3, r3, #4096
  39 0022 2361     		str	r3, [r4, #16]
  40 0024 FF28     		cmp	r0, #255
  41 0026 04D0     		beq	.L5
  42 0028 0135     		adds	r5, r5, #1
  43 002a ADB2     		uxth	r5, r5
  44 002c EAE7     		b	.L2
  45              	.L7:
  46 002e 0020     		movs	r0, #0
  47 0030 00E0     		b	.L3
  48              	.L5:
  49 0032 0120     		movs	r0, #1
  50              	.L3:
  51 0034 38BD     		pop	{r3, r4, r5, pc}
  52              	.L9:
  53 0036 00BF     		.align	2
  54              	.L8:
  55 0038 000C0140 		.word	1073810432
  57              		.section	.text.si446x_ctrl_get_response,"ax",%progbits
  58              		.align	1
  59              		.global	si446x_ctrl_get_response
ARM GAS  /tmp/ccS2SY5i.s 			page 2


  60              		.syntax unified
  61              		.thumb
  62              		.thumb_func
  63              		.fpu softvfp
  65              	si446x_ctrl_get_response:
  66              		@ args = 0, pretend = 0, frame = 0
  67              		@ frame_needed = 0, uses_anonymous_args = 0
  68 0000 70B5     		push	{r4, r5, r6, lr}
  69 0002 0446     		mov	r4, r0
  70 0004 0D46     		mov	r5, r1
  71 0006 FFF7FEFF 		bl	si446x_ctrl_wait_cts
  72 000a 00B9     		cbnz	r0, .L13
  73              	.L11:
  74 000c 70BD     		pop	{r4, r5, r6, pc}
  75              	.L13:
  76 000e 094E     		ldr	r6, .L14
  77 0010 7369     		ldr	r3, [r6, #20]
  78 0012 43F48053 		orr	r3, r3, #4096
  79 0016 7361     		str	r3, [r6, #20]
  80 0018 4420     		movs	r0, #68
  81 001a FFF7FEFF 		bl	si446x_hal_spi_read_byte
  82 001e 2946     		mov	r1, r5
  83 0020 2046     		mov	r0, r4
  84 0022 FFF7FEFF 		bl	si446x_hal_spi_read
  85 0026 3369     		ldr	r3, [r6, #16]
  86 0028 43F48053 		orr	r3, r3, #4096
  87 002c 3361     		str	r3, [r6, #16]
  88 002e 0120     		movs	r0, #1
  89 0030 ECE7     		b	.L11
  90              	.L15:
  91 0032 00BF     		.align	2
  92              	.L14:
  93 0034 000C0140 		.word	1073810432
  95              		.section	.text.si446x_ctrl_send_cmd,"ax",%progbits
  96              		.align	1
  97              		.global	si446x_ctrl_send_cmd
  98              		.syntax unified
  99              		.thumb
 100              		.thumb_func
 101              		.fpu softvfp
 103              	si446x_ctrl_send_cmd:
 104              		@ args = 0, pretend = 0, frame = 0
 105              		@ frame_needed = 0, uses_anonymous_args = 0
 106 0000 10B5     		push	{r4, lr}
 107 0002 074C     		ldr	r4, .L18
 108 0004 6369     		ldr	r3, [r4, #20]
 109 0006 43F48053 		orr	r3, r3, #4096
 110 000a 6361     		str	r3, [r4, #20]
 111 000c FFF7FEFF 		bl	si446x_hal_spi_write_byte
 112 0010 2369     		ldr	r3, [r4, #16]
 113 0012 43F48053 		orr	r3, r3, #4096
 114 0016 2361     		str	r3, [r4, #16]
 115 0018 FFF7FEFF 		bl	si446x_ctrl_wait_cts
 116 001c 10BD     		pop	{r4, pc}
 117              	.L19:
 118 001e 00BF     		.align	2
 119              	.L18:
ARM GAS  /tmp/ccS2SY5i.s 			page 3


 120 0020 000C0140 		.word	1073810432
 122              		.section	.text.si446x_ctrl_send_stream,"ax",%progbits
 123              		.align	1
 124              		.global	si446x_ctrl_send_stream
 125              		.syntax unified
 126              		.thumb
 127              		.thumb_func
 128              		.fpu softvfp
 130              	si446x_ctrl_send_stream:
 131              		@ args = 0, pretend = 0, frame = 0
 132              		@ frame_needed = 0, uses_anonymous_args = 0
 133 0000 10B5     		push	{r4, lr}
 134 0002 074C     		ldr	r4, .L22
 135 0004 6369     		ldr	r3, [r4, #20]
 136 0006 43F48053 		orr	r3, r3, #4096
 137 000a 6361     		str	r3, [r4, #20]
 138 000c FFF7FEFF 		bl	si446x_hal_spi_write
 139 0010 2369     		ldr	r3, [r4, #16]
 140 0012 43F48053 		orr	r3, r3, #4096
 141 0016 2361     		str	r3, [r4, #16]
 142 0018 FFF7FEFF 		bl	si446x_ctrl_wait_cts
 143 001c 10BD     		pop	{r4, pc}
 144              	.L23:
 145 001e 00BF     		.align	2
 146              	.L22:
 147 0020 000C0140 		.word	1073810432
 149              		.section	.text.si446x_ctrl_send_cmd_stream,"ax",%progbits
 150              		.align	1
 151              		.global	si446x_ctrl_send_cmd_stream
 152              		.syntax unified
 153              		.thumb
 154              		.thumb_func
 155              		.fpu softvfp
 157              	si446x_ctrl_send_cmd_stream:
 158              		@ args = 0, pretend = 0, frame = 0
 159              		@ frame_needed = 0, uses_anonymous_args = 0
 160 0000 70B5     		push	{r4, r5, r6, lr}
 161 0002 0D46     		mov	r5, r1
 162 0004 1646     		mov	r6, r2
 163 0006 094C     		ldr	r4, .L26
 164 0008 6369     		ldr	r3, [r4, #20]
 165 000a 43F48053 		orr	r3, r3, #4096
 166 000e 6361     		str	r3, [r4, #20]
 167 0010 FFF7FEFF 		bl	si446x_hal_spi_write_byte
 168 0014 3146     		mov	r1, r6
 169 0016 2846     		mov	r0, r5
 170 0018 FFF7FEFF 		bl	si446x_hal_spi_write
 171 001c 2369     		ldr	r3, [r4, #16]
 172 001e 43F48053 		orr	r3, r3, #4096
 173 0022 2361     		str	r3, [r4, #16]
 174 0024 FFF7FEFF 		bl	si446x_ctrl_wait_cts
 175 0028 70BD     		pop	{r4, r5, r6, pc}
 176              	.L27:
 177 002a 00BF     		.align	2
 178              	.L26:
 179 002c 000C0140 		.word	1073810432
 181              		.ident	"GCC: (15:10.3-2021.07-4) 10.3.1 20210621 (release)"
ARM GAS  /tmp/ccS2SY5i.s 			page 4


ARM GAS  /tmp/ccS2SY5i.s 			page 5


DEFINED SYMBOLS
                            *ABS*:0000000000000000 si446x_ctrl.c
     /tmp/ccS2SY5i.s:14     .text.si446x_ctrl_wait_cts:0000000000000000 $t
     /tmp/ccS2SY5i.s:22     .text.si446x_ctrl_wait_cts:0000000000000000 si446x_ctrl_wait_cts
     /tmp/ccS2SY5i.s:55     .text.si446x_ctrl_wait_cts:0000000000000038 $d
     /tmp/ccS2SY5i.s:58     .text.si446x_ctrl_get_response:0000000000000000 $t
     /tmp/ccS2SY5i.s:65     .text.si446x_ctrl_get_response:0000000000000000 si446x_ctrl_get_response
     /tmp/ccS2SY5i.s:93     .text.si446x_ctrl_get_response:0000000000000034 $d
     /tmp/ccS2SY5i.s:96     .text.si446x_ctrl_send_cmd:0000000000000000 $t
     /tmp/ccS2SY5i.s:103    .text.si446x_ctrl_send_cmd:0000000000000000 si446x_ctrl_send_cmd
     /tmp/ccS2SY5i.s:120    .text.si446x_ctrl_send_cmd:0000000000000020 $d
     /tmp/ccS2SY5i.s:123    .text.si446x_ctrl_send_stream:0000000000000000 $t
     /tmp/ccS2SY5i.s:130    .text.si446x_ctrl_send_stream:0000000000000000 si446x_ctrl_send_stream
     /tmp/ccS2SY5i.s:147    .text.si446x_ctrl_send_stream:0000000000000020 $d
     /tmp/ccS2SY5i.s:150    .text.si446x_ctrl_send_cmd_stream:0000000000000000 $t
     /tmp/ccS2SY5i.s:157    .text.si446x_ctrl_send_cmd_stream:0000000000000000 si446x_ctrl_send_cmd_stream
     /tmp/ccS2SY5i.s:179    .text.si446x_ctrl_send_cmd_stream:000000000000002c $d

UNDEFINED SYMBOLS
si446x_hal_spi_read_byte
si446x_hal_spi_read
si446x_hal_spi_write_byte
si446x_hal_spi_write
