ARM GAS  /tmp/cceKibwr.s 			page 1


   1              		.cpu cortex-m3
   2              		.eabi_attribute 20, 1
   3              		.eabi_attribute 21, 1
   4              		.eabi_attribute 23, 3
   5              		.eabi_attribute 24, 1
   6              		.eabi_attribute 25, 1
   7              		.eabi_attribute 26, 1
   8              		.eabi_attribute 30, 1
   9              		.eabi_attribute 34, 1
  10              		.eabi_attribute 18, 4
  11              		.file	"system_stm32f10x.c"
  12              		.text
  13              		.section	.text.SetSysClockTo72,"ax",%progbits
  14              		.align	1
  15              		.arch armv7-m
  16              		.syntax unified
  17              		.thumb
  18              		.thumb_func
  19              		.fpu softvfp
  21              	SetSysClockTo72:
  22              		@ args = 0, pretend = 0, frame = 8
  23              		@ frame_needed = 0, uses_anonymous_args = 0
  24              		@ link register save eliminated.
  25 0000 82B0     		sub	sp, sp, #8
  26 0002 0023     		movs	r3, #0
  27 0004 0193     		str	r3, [sp, #4]
  28 0006 0093     		str	r3, [sp]
  29 0008 2C4A     		ldr	r2, .L11
  30 000a 1368     		ldr	r3, [r2]
  31 000c 43F48033 		orr	r3, r3, #65536
  32 0010 1360     		str	r3, [r2]
  33              	.L3:
  34 0012 2A4B     		ldr	r3, .L11
  35 0014 1B68     		ldr	r3, [r3]
  36 0016 03F40033 		and	r3, r3, #131072
  37 001a 0093     		str	r3, [sp]
  38 001c 019B     		ldr	r3, [sp, #4]
  39 001e 0133     		adds	r3, r3, #1
  40 0020 0193     		str	r3, [sp, #4]
  41 0022 009B     		ldr	r3, [sp]
  42 0024 1BB9     		cbnz	r3, .L2
  43 0026 019B     		ldr	r3, [sp, #4]
  44 0028 B3F5A06F 		cmp	r3, #1280
  45 002c F1D1     		bne	.L3
  46              	.L2:
  47 002e 234B     		ldr	r3, .L11
  48 0030 1B68     		ldr	r3, [r3]
  49 0032 13F4003F 		tst	r3, #131072
  50 0036 06D0     		beq	.L4
  51 0038 0123     		movs	r3, #1
  52 003a 0093     		str	r3, [sp]
  53              	.L5:
  54 003c 009B     		ldr	r3, [sp]
  55 003e 012B     		cmp	r3, #1
  56 0040 04D0     		beq	.L10
  57              	.L1:
  58 0042 02B0     		add	sp, sp, #8
ARM GAS  /tmp/cceKibwr.s 			page 2


  59              		@ sp needed
  60 0044 7047     		bx	lr
  61              	.L4:
  62 0046 0023     		movs	r3, #0
  63 0048 0093     		str	r3, [sp]
  64 004a F7E7     		b	.L5
  65              	.L10:
  66 004c 1C4B     		ldr	r3, .L11+4
  67 004e 1A68     		ldr	r2, [r3]
  68 0050 42F01002 		orr	r2, r2, #16
  69 0054 1A60     		str	r2, [r3]
  70 0056 1A68     		ldr	r2, [r3]
  71 0058 22F00702 		bic	r2, r2, #7
  72 005c 1A60     		str	r2, [r3]
  73 005e 1A68     		ldr	r2, [r3]
  74 0060 42F00202 		orr	r2, r2, #2
  75 0064 1A60     		str	r2, [r3]
  76 0066 A3F58053 		sub	r3, r3, #4096
  77 006a 5A68     		ldr	r2, [r3, #4]
  78 006c 5A60     		str	r2, [r3, #4]
  79 006e 5A68     		ldr	r2, [r3, #4]
  80 0070 5A60     		str	r2, [r3, #4]
  81 0072 5A68     		ldr	r2, [r3, #4]
  82 0074 42F48062 		orr	r2, r2, #1024
  83 0078 5A60     		str	r2, [r3, #4]
  84 007a 5A68     		ldr	r2, [r3, #4]
  85 007c 22F47C12 		bic	r2, r2, #4128768
  86 0080 5A60     		str	r2, [r3, #4]
  87 0082 5A68     		ldr	r2, [r3, #4]
  88 0084 42F4E812 		orr	r2, r2, #1900544
  89 0088 5A60     		str	r2, [r3, #4]
  90 008a 1A68     		ldr	r2, [r3]
  91 008c 42F08072 		orr	r2, r2, #16777216
  92 0090 1A60     		str	r2, [r3]
  93              	.L7:
  94 0092 0A4B     		ldr	r3, .L11
  95 0094 1B68     		ldr	r3, [r3]
  96 0096 13F0007F 		tst	r3, #33554432
  97 009a FAD0     		beq	.L7
  98 009c 074B     		ldr	r3, .L11
  99 009e 5A68     		ldr	r2, [r3, #4]
 100 00a0 22F00302 		bic	r2, r2, #3
 101 00a4 5A60     		str	r2, [r3, #4]
 102 00a6 5A68     		ldr	r2, [r3, #4]
 103 00a8 42F00202 		orr	r2, r2, #2
 104 00ac 5A60     		str	r2, [r3, #4]
 105              	.L8:
 106 00ae 034B     		ldr	r3, .L11
 107 00b0 5B68     		ldr	r3, [r3, #4]
 108 00b2 03F00C03 		and	r3, r3, #12
 109 00b6 082B     		cmp	r3, #8
 110 00b8 F9D1     		bne	.L8
 111 00ba C2E7     		b	.L1
 112              	.L12:
 113              		.align	2
 114              	.L11:
 115 00bc 00100240 		.word	1073876992
ARM GAS  /tmp/cceKibwr.s 			page 3


 116 00c0 00200240 		.word	1073881088
 118              		.section	.text.SetSysClock,"ax",%progbits
 119              		.align	1
 120              		.syntax unified
 121              		.thumb
 122              		.thumb_func
 123              		.fpu softvfp
 125              	SetSysClock:
 126              		@ args = 0, pretend = 0, frame = 0
 127              		@ frame_needed = 0, uses_anonymous_args = 0
 128 0000 08B5     		push	{r3, lr}
 129 0002 FFF7FEFF 		bl	SetSysClockTo72
 130 0006 08BD     		pop	{r3, pc}
 132              		.section	.text.SystemInit,"ax",%progbits
 133              		.align	1
 134              		.global	SystemInit
 135              		.syntax unified
 136              		.thumb
 137              		.thumb_func
 138              		.fpu softvfp
 140              	SystemInit:
 141              		@ args = 0, pretend = 0, frame = 0
 142              		@ frame_needed = 0, uses_anonymous_args = 0
 143 0000 08B5     		push	{r3, lr}
 144 0002 104B     		ldr	r3, .L17
 145 0004 1A68     		ldr	r2, [r3]
 146 0006 42F00102 		orr	r2, r2, #1
 147 000a 1A60     		str	r2, [r3]
 148 000c 5968     		ldr	r1, [r3, #4]
 149 000e 0E4A     		ldr	r2, .L17+4
 150 0010 0A40     		ands	r2, r2, r1
 151 0012 5A60     		str	r2, [r3, #4]
 152 0014 1A68     		ldr	r2, [r3]
 153 0016 22F08472 		bic	r2, r2, #17301504
 154 001a 22F48032 		bic	r2, r2, #65536
 155 001e 1A60     		str	r2, [r3]
 156 0020 1A68     		ldr	r2, [r3]
 157 0022 22F48022 		bic	r2, r2, #262144
 158 0026 1A60     		str	r2, [r3]
 159 0028 5A68     		ldr	r2, [r3, #4]
 160 002a 22F4FE02 		bic	r2, r2, #8323072
 161 002e 5A60     		str	r2, [r3, #4]
 162 0030 4FF41F02 		mov	r2, #10420224
 163 0034 9A60     		str	r2, [r3, #8]
 164 0036 FFF7FEFF 		bl	SetSysClock
 165 003a 044B     		ldr	r3, .L17+8
 166 003c 4FF00062 		mov	r2, #134217728
 167 0040 9A60     		str	r2, [r3, #8]
 168 0042 08BD     		pop	{r3, pc}
 169              	.L18:
 170              		.align	2
 171              	.L17:
 172 0044 00100240 		.word	1073876992
 173 0048 0000FFF8 		.word	-117506048
 174 004c 00ED00E0 		.word	-536810240
 176              		.section	.text.SystemCoreClockUpdate,"ax",%progbits
 177              		.align	1
ARM GAS  /tmp/cceKibwr.s 			page 4


 178              		.global	SystemCoreClockUpdate
 179              		.syntax unified
 180              		.thumb
 181              		.thumb_func
 182              		.fpu softvfp
 184              	SystemCoreClockUpdate:
 185              		@ args = 0, pretend = 0, frame = 0
 186              		@ frame_needed = 0, uses_anonymous_args = 0
 187              		@ link register save eliminated.
 188 0000 1F4B     		ldr	r3, .L27
 189 0002 5B68     		ldr	r3, [r3, #4]
 190 0004 03F00C03 		and	r3, r3, #12
 191 0008 042B     		cmp	r3, #4
 192 000a 15D0     		beq	.L20
 193 000c 082B     		cmp	r3, #8
 194 000e 17D0     		beq	.L21
 195 0010 1BB1     		cbz	r3, .L26
 196 0012 1C4B     		ldr	r3, .L27+4
 197 0014 1C4A     		ldr	r2, .L27+8
 198 0016 1A60     		str	r2, [r3]
 199 0018 02E0     		b	.L23
 200              	.L26:
 201 001a 1A4B     		ldr	r3, .L27+4
 202 001c 1A4A     		ldr	r2, .L27+8
 203 001e 1A60     		str	r2, [r3]
 204              	.L23:
 205 0020 174B     		ldr	r3, .L27
 206 0022 5B68     		ldr	r3, [r3, #4]
 207 0024 C3F30313 		ubfx	r3, r3, #4, #4
 208 0028 184A     		ldr	r2, .L27+12
 209 002a D35C     		ldrb	r3, [r2, r3]	@ zero_extendqisi2
 210 002c DAB2     		uxtb	r2, r3
 211 002e 1549     		ldr	r1, .L27+4
 212 0030 0B68     		ldr	r3, [r1]
 213 0032 D340     		lsrs	r3, r3, r2
 214 0034 0B60     		str	r3, [r1]
 215 0036 7047     		bx	lr
 216              	.L20:
 217 0038 124B     		ldr	r3, .L27+4
 218 003a 134A     		ldr	r2, .L27+8
 219 003c 1A60     		str	r2, [r3]
 220 003e EFE7     		b	.L23
 221              	.L21:
 222 0040 0F4A     		ldr	r2, .L27
 223 0042 5368     		ldr	r3, [r2, #4]
 224 0044 5268     		ldr	r2, [r2, #4]
 225 0046 C3F38343 		ubfx	r3, r3, #18, #4
 226 004a 0233     		adds	r3, r3, #2
 227 004c 12F4803F 		tst	r2, #65536
 228 0050 05D1     		bne	.L24
 229 0052 0F4A     		ldr	r2, .L27+16
 230 0054 02FB03F3 		mul	r3, r2, r3
 231 0058 0A4A     		ldr	r2, .L27+4
 232 005a 1360     		str	r3, [r2]
 233 005c E0E7     		b	.L23
 234              	.L24:
 235 005e 084A     		ldr	r2, .L27
ARM GAS  /tmp/cceKibwr.s 			page 5


 236 0060 5268     		ldr	r2, [r2, #4]
 237 0062 12F4003F 		tst	r2, #131072
 238 0066 05D0     		beq	.L25
 239 0068 094A     		ldr	r2, .L27+16
 240 006a 02FB03F3 		mul	r3, r2, r3
 241 006e 054A     		ldr	r2, .L27+4
 242 0070 1360     		str	r3, [r2]
 243 0072 D5E7     		b	.L23
 244              	.L25:
 245 0074 044A     		ldr	r2, .L27+8
 246 0076 02FB03F3 		mul	r3, r2, r3
 247 007a 024A     		ldr	r2, .L27+4
 248 007c 1360     		str	r3, [r2]
 249 007e CFE7     		b	.L23
 250              	.L28:
 251              		.align	2
 252              	.L27:
 253 0080 00100240 		.word	1073876992
 254 0084 00000000 		.word	.LANCHOR0
 255 0088 00127A00 		.word	8000000
 256 008c 00000000 		.word	.LANCHOR1
 257 0090 00093D00 		.word	4000000
 259              		.global	AHBPrescTable
 260              		.global	SystemCoreClock
 261              		.section	.data.AHBPrescTable,"aw"
 262              		.align	2
 263              		.set	.LANCHOR1,. + 0
 266              	AHBPrescTable:
 267 0000 00000000 		.ascii	"\000\000\000\000\000\000\000\000\001\002\003\004\006"
 267      00000000 
 267      01020304 
 267      06
 268 000d 070809   		.ascii	"\007\010\011"
 269              		.section	.data.SystemCoreClock,"aw"
 270              		.align	2
 271              		.set	.LANCHOR0,. + 0
 274              	SystemCoreClock:
 275 0000 00A24A04 		.word	72000000
 276              		.ident	"GCC: (15:10.3-2021.07-4) 10.3.1 20210621 (release)"
ARM GAS  /tmp/cceKibwr.s 			page 6


DEFINED SYMBOLS
                            *ABS*:0000000000000000 system_stm32f10x.c
     /tmp/cceKibwr.s:14     .text.SetSysClockTo72:0000000000000000 $t
     /tmp/cceKibwr.s:21     .text.SetSysClockTo72:0000000000000000 SetSysClockTo72
     /tmp/cceKibwr.s:115    .text.SetSysClockTo72:00000000000000bc $d
     /tmp/cceKibwr.s:119    .text.SetSysClock:0000000000000000 $t
     /tmp/cceKibwr.s:125    .text.SetSysClock:0000000000000000 SetSysClock
     /tmp/cceKibwr.s:133    .text.SystemInit:0000000000000000 $t
     /tmp/cceKibwr.s:140    .text.SystemInit:0000000000000000 SystemInit
     /tmp/cceKibwr.s:172    .text.SystemInit:0000000000000044 $d
     /tmp/cceKibwr.s:177    .text.SystemCoreClockUpdate:0000000000000000 $t
     /tmp/cceKibwr.s:184    .text.SystemCoreClockUpdate:0000000000000000 SystemCoreClockUpdate
     /tmp/cceKibwr.s:253    .text.SystemCoreClockUpdate:0000000000000080 $d
     /tmp/cceKibwr.s:266    .data.AHBPrescTable:0000000000000000 AHBPrescTable
     /tmp/cceKibwr.s:274    .data.SystemCoreClock:0000000000000000 SystemCoreClock
     /tmp/cceKibwr.s:262    .data.AHBPrescTable:0000000000000000 $d
     /tmp/cceKibwr.s:270    .data.SystemCoreClock:0000000000000000 $d

NO UNDEFINED SYMBOLS
