ARM GAS  /tmp/ccy0AIEh.s 			page 1


   1              		.cpu cortex-m3
   2              		.eabi_attribute 20, 1
   3              		.eabi_attribute 21, 1
   4              		.eabi_attribute 23, 3
   5              		.eabi_attribute 24, 1
   6              		.eabi_attribute 25, 1
   7              		.eabi_attribute 26, 1
   8              		.eabi_attribute 30, 1
   9              		.eabi_attribute 34, 1
  10              		.eabi_attribute 18, 4
  11              		.file	"usart.c"
  12              		.text
  13              		.section	.text.usart_init,"ax",%progbits
  14              		.align	1
  15              		.global	usart_init
  16              		.arch armv7-m
  17              		.syntax unified
  18              		.thumb
  19              		.thumb_func
  20              		.fpu softvfp
  22              	usart_init:
  23              		@ args = 0, pretend = 0, frame = 0
  24              		@ frame_needed = 0, uses_anonymous_args = 0
  25              		@ link register save eliminated.
  26 0000 184A     		ldr	r2, .L2
  27 0002 9369     		ldr	r3, [r2, #24]
  28 0004 43F00903 		orr	r3, r3, #9
  29 0008 9361     		str	r3, [r2, #24]
  30 000a 1749     		ldr	r1, .L2+4
  31 000c 4B68     		ldr	r3, [r1, #4]
  32 000e 43F00403 		orr	r3, r3, #4
  33 0012 4B60     		str	r3, [r1, #4]
  34 0014 154B     		ldr	r3, .L2+8
  35 0016 1968     		ldr	r1, [r3]
  36 0018 21F04061 		bic	r1, r1, #201326592
  37 001c 1960     		str	r1, [r3]
  38 001e 1968     		ldr	r1, [r3]
  39 0020 41F03061 		orr	r1, r1, #184549376
  40 0024 1960     		str	r1, [r3]
  41 0026 1968     		ldr	r1, [r3]
  42 0028 21F04041 		bic	r1, r1, #-1073741824
  43 002c 1960     		str	r1, [r3]
  44 002e 1968     		ldr	r1, [r3]
  45 0030 41F08041 		orr	r1, r1, #1073741824
  46 0034 1960     		str	r1, [r3]
  47 0036 9169     		ldr	r1, [r2, #24]
  48 0038 41F48041 		orr	r1, r1, #16384
  49 003c 9161     		str	r1, [r2, #24]
  50 003e 0C4B     		ldr	r3, .L2+12
  51 0040 1B68     		ldr	r3, [r3]
  52 0042 B3FBF0F3 		udiv	r3, r3, r0
  53 0046 9BB2     		uxth	r3, r3
  54 0048 A2F55842 		sub	r2, r2, #55296
  55 004c 1381     		strh	r3, [r2, #8]	@ movhi
  56 004e 0023     		movs	r3, #0
  57 0050 9381     		strh	r3, [r2, #12]	@ movhi
  58 0052 9389     		ldrh	r3, [r2, #12]
ARM GAS  /tmp/ccy0AIEh.s 			page 2


  59 0054 9BB2     		uxth	r3, r3
  60 0056 43F40053 		orr	r3, r3, #8192
  61 005a 43F00803 		orr	r3, r3, #8
  62 005e 9381     		strh	r3, [r2, #12]	@ movhi
  63 0060 7047     		bx	lr
  64              	.L3:
  65 0062 00BF     		.align	2
  66              	.L2:
  67 0064 00100240 		.word	1073876992
  68 0068 00000140 		.word	1073807360
  69 006c 000C0140 		.word	1073810432
  70 0070 00000000 		.word	SystemCoreClock
  72              		.section	.text.usart_tx,"ax",%progbits
  73              		.align	1
  74              		.global	usart_tx
  75              		.syntax unified
  76              		.thumb
  77              		.thumb_func
  78              		.fpu softvfp
  80              	usart_tx:
  81              		@ args = 0, pretend = 0, frame = 0
  82              		@ frame_needed = 0, uses_anonymous_args = 0
  83              		@ link register save eliminated.
  84 0000 08E0     		b	.L5
  85              	.L6:
  86 0002 064B     		ldr	r3, .L7
  87 0004 1B88     		ldrh	r3, [r3]
  88 0006 13F0800F 		tst	r3, #128
  89 000a FAD0     		beq	.L6
  90 000c 92B2     		uxth	r2, r2
  91 000e 034B     		ldr	r3, .L7
  92 0010 9A80     		strh	r2, [r3, #4]	@ movhi
  93 0012 0130     		adds	r0, r0, #1
  94              	.L5:
  95 0014 0278     		ldrb	r2, [r0]	@ zero_extendqisi2
  96 0016 002A     		cmp	r2, #0
  97 0018 F3D1     		bne	.L6
  98 001a 7047     		bx	lr
  99              	.L8:
 100              		.align	2
 101              	.L7:
 102 001c 00380140 		.word	1073821696
 104              		.section	.rodata.usart_txln.str1.4,"aMS",%progbits,1
 105              		.align	2
 106              	.LC0:
 107 0000 0D0A00   		.ascii	"\015\012\000"
 108              		.section	.text.usart_txln,"ax",%progbits
 109              		.align	1
 110              		.global	usart_txln
 111              		.syntax unified
 112              		.thumb
 113              		.thumb_func
 114              		.fpu softvfp
 116              	usart_txln:
 117              		@ args = 0, pretend = 0, frame = 8
 118              		@ frame_needed = 0, uses_anonymous_args = 0
 119              		@ link register save eliminated.
ARM GAS  /tmp/ccy0AIEh.s 			page 3


 120 0000 82B0     		sub	sp, sp, #8
 121 0002 08E0     		b	.L10
 122              	.L11:
 123 0004 124B     		ldr	r3, .L15
 124 0006 1B88     		ldrh	r3, [r3]
 125 0008 13F0800F 		tst	r3, #128
 126 000c FAD0     		beq	.L11
 127 000e 92B2     		uxth	r2, r2
 128 0010 0F4B     		ldr	r3, .L15
 129 0012 9A80     		strh	r2, [r3, #4]	@ movhi
 130 0014 0130     		adds	r0, r0, #1
 131              	.L10:
 132 0016 0278     		ldrb	r2, [r0]	@ zero_extendqisi2
 133 0018 002A     		cmp	r2, #0
 134 001a F3D1     		bne	.L11
 135 001c 0D4B     		ldr	r3, .L15+4
 136 001e 1B68     		ldr	r3, [r3]
 137 0020 ADF80430 		strh	r3, [sp, #4]	@ movhi
 138 0024 1B0C     		lsrs	r3, r3, #16
 139 0026 8DF80630 		strb	r3, [sp, #6]
 140 002a 0DE0     		b	.L12
 141              	.L13:
 142 002c 084B     		ldr	r3, .L15
 143 002e 1B88     		ldrh	r3, [r3]
 144 0030 13F0800F 		tst	r3, #128
 145 0034 FAD0     		beq	.L13
 146 0036 02F10803 		add	r3, r2, #8
 147 003a 6B44     		add	r3, sp, r3
 148 003c 13F8041C 		ldrb	r1, [r3, #-4]	@ zero_extendqisi2
 149 0040 034B     		ldr	r3, .L15
 150 0042 9980     		strh	r1, [r3, #4]	@ movhi
 151 0044 0132     		adds	r2, r2, #1
 152 0046 D2B2     		uxtb	r2, r2
 153              	.L12:
 154 0048 012A     		cmp	r2, #1
 155 004a EFD9     		bls	.L13
 156 004c 02B0     		add	sp, sp, #8
 157              		@ sp needed
 158 004e 7047     		bx	lr
 159              	.L16:
 160              		.align	2
 161              	.L15:
 162 0050 00380140 		.word	1073821696
 163 0054 00000000 		.word	.LC0
 165              		.ident	"GCC: (15:10.3-2021.07-4) 10.3.1 20210621 (release)"
ARM GAS  /tmp/ccy0AIEh.s 			page 4


DEFINED SYMBOLS
                            *ABS*:0000000000000000 usart.c
     /tmp/ccy0AIEh.s:14     .text.usart_init:0000000000000000 $t
     /tmp/ccy0AIEh.s:22     .text.usart_init:0000000000000000 usart_init
     /tmp/ccy0AIEh.s:67     .text.usart_init:0000000000000064 $d
     /tmp/ccy0AIEh.s:73     .text.usart_tx:0000000000000000 $t
     /tmp/ccy0AIEh.s:80     .text.usart_tx:0000000000000000 usart_tx
     /tmp/ccy0AIEh.s:102    .text.usart_tx:000000000000001c $d
     /tmp/ccy0AIEh.s:105    .rodata.usart_txln.str1.4:0000000000000000 $d
     /tmp/ccy0AIEh.s:109    .text.usart_txln:0000000000000000 $t
     /tmp/ccy0AIEh.s:116    .text.usart_txln:0000000000000000 usart_txln
     /tmp/ccy0AIEh.s:162    .text.usart_txln:0000000000000050 $d

UNDEFINED SYMBOLS
SystemCoreClock
