ARM GAS  /tmp/ccpefvSQ.s 			page 1


   1              		.cpu cortex-m3
   2              		.eabi_attribute 20, 1
   3              		.eabi_attribute 21, 1
   4              		.eabi_attribute 23, 3
   5              		.eabi_attribute 24, 1
   6              		.eabi_attribute 25, 1
   7              		.eabi_attribute 26, 1
   8              		.eabi_attribute 30, 1
   9              		.eabi_attribute 34, 1
  10              		.eabi_attribute 18, 4
  11              		.file	"util.c"
  12              		.text
  13              		.section	.text.get_str,"ax",%progbits
  14              		.align	1
  15              		.global	get_str
  16              		.arch armv7-m
  17              		.syntax unified
  18              		.thumb
  19              		.thumb_func
  20              		.fpu softvfp
  22              	get_str:
  23              		@ args = 0, pretend = 0, frame = 0
  24              		@ frame_needed = 0, uses_anonymous_args = 0
  25              		@ link register save eliminated.
  26 0000 30B4     		push	{r4, r5}
  27 0002 0C46     		mov	r4, r1
  28 0004 0123     		movs	r3, #1
  29 0006 00E0     		b	.L2
  30              	.L3:
  31 0008 0133     		adds	r3, r3, #1
  32              	.L2:
  33 000a 94FBF2F4 		sdiv	r4, r4, r2
  34 000e 002C     		cmp	r4, #0
  35 0010 FAD1     		bne	.L3
  36              	.L4:
  37 0012 91FBF2FC 		sdiv	ip, r1, r2
  38 0016 02FB1C11 		mls	r1, r2, ip, r1
  39 001a 5C1E     		subs	r4, r3, #1
  40 001c 3031     		adds	r1, r1, #48
  41 001e 0155     		strb	r1, [r0, r4]
  42 0020 6146     		mov	r1, ip
  43 0022 1D46     		mov	r5, r3
  44 0024 2346     		mov	r3, r4
  45 0026 002D     		cmp	r5, #0
  46 0028 F3D1     		bne	.L4
  47 002a 30BC     		pop	{r4, r5}
  48 002c 7047     		bx	lr
  50              		.section	.text.led_init,"ax",%progbits
  51              		.align	1
  52              		.global	led_init
  53              		.syntax unified
  54              		.thumb
  55              		.thumb_func
  56              		.fpu softvfp
  58              	led_init:
  59              		@ args = 0, pretend = 0, frame = 0
  60              		@ frame_needed = 0, uses_anonymous_args = 0
ARM GAS  /tmp/ccpefvSQ.s 			page 2


  61              		@ link register save eliminated.
  62 0000 084A     		ldr	r2, .L7
  63 0002 9369     		ldr	r3, [r2, #24]
  64 0004 43F01003 		orr	r3, r3, #16
  65 0008 9361     		str	r3, [r2, #24]
  66 000a 074B     		ldr	r3, .L7+4
  67 000c 5A68     		ldr	r2, [r3, #4]
  68 000e 22F47002 		bic	r2, r2, #15728640
  69 0012 5A60     		str	r2, [r3, #4]
  70 0014 5A68     		ldr	r2, [r3, #4]
  71 0016 42F40012 		orr	r2, r2, #2097152
  72 001a 5A60     		str	r2, [r3, #4]
  73 001c 4FF40052 		mov	r2, #8192
  74 0020 1A61     		str	r2, [r3, #16]
  75 0022 7047     		bx	lr
  76              	.L8:
  77              		.align	2
  78              	.L7:
  79 0024 00100240 		.word	1073876992
  80 0028 00100140 		.word	1073811456
  82              		.ident	"GCC: (15:10.3-2021.07-4) 10.3.1 20210621 (release)"
ARM GAS  /tmp/ccpefvSQ.s 			page 3


DEFINED SYMBOLS
                            *ABS*:0000000000000000 util.c
     /tmp/ccpefvSQ.s:14     .text.get_str:0000000000000000 $t
     /tmp/ccpefvSQ.s:22     .text.get_str:0000000000000000 get_str
     /tmp/ccpefvSQ.s:51     .text.led_init:0000000000000000 $t
     /tmp/ccpefvSQ.s:58     .text.led_init:0000000000000000 led_init
     /tmp/ccpefvSQ.s:79     .text.led_init:0000000000000024 $d

NO UNDEFINED SYMBOLS
